[0m18:09:17.038560 [debug] [MainThread]: Sending event: {'category': 'dbt', 'action': 'invocation', 'label': 'start', 'context': [<snowplow_tracker.self_describing_json.SelfDescribingJson object at 0x1089682f0>, <snowplow_tracker.self_describing_json.SelfDescribingJson object at 0x109cab610>, <snowplow_tracker.self_describing_json.SelfDescribingJson object at 0x109cab890>]}


============================== 18:09:17.042438 | 57415ccc-b63f-4d75-b30e-abfda268a585 ==============================
[0m18:09:17.042438 [info ] [MainThread]: Running with dbt=1.10.9
[0m18:09:17.042863 [debug] [MainThread]: running dbt with arguments {'version_check': 'True', 'invocation_command': 'dbt init', 'use_experimental_parser': 'False', 'log_cache_events': 'False', 'introspect': 'True', 'fail_fast': 'False', 'target_path': 'None', 'warn_error_options': 'WarnErrorOptionsV2(error=[], warn=[], silence=[])', 'no_print': 'None', 'debug': 'False', 'empty': 'None', 'warn_error': 'None', 'quiet': 'False', 'cache_selected_only': 'False', 'log_path': 'logs', 'send_anonymous_usage_stats': 'True', 'write_json': 'True', 'use_colors': 'True', 'profiles_dir': '/Users/simonschork/.dbt', 'indirect_selection': 'eager', 'partial_parse': 'True', 'printer_width': '80', 'log_format': 'default', 'static_parser': 'True'}
[0m18:09:17.053309 [info ] [MainThread]: Creating dbt configuration folder at /Users/simonschork/.dbt
[0m18:09:25.590348 [debug] [MainThread]: Starter project path: /opt/miniconda3/envs/dbt/lib/python3.13/site-packages/dbt/include/starter_project
[0m18:09:25.605131 [info ] [MainThread]: 
Your new dbt project "dbt_tutorial" was created!

For more information on how to configure the profiles.yml file,
please consult the dbt documentation here:

  https://docs.getdbt.com/docs/configure-your-profile

One more thing:

Need help? Don't hesitate to reach out to us via GitHub issues or on Slack:

  https://community.getdbt.com/

Happy modeling!

[0m18:09:25.605603 [info ] [MainThread]: Setting up your profile.
[0m18:10:55.827054 [info ] [MainThread]: Profile dbt_tutorial written to /Users/simonschork/.dbt/profiles.yml using target's sample configuration. Once updated, you'll be able to start developing with dbt.
[0m18:10:56.117635 [debug] [MainThread]: Resource report: {"command_name": "init", "command_success": true, "command_wall_clock_time": 99.1433, "process_in_blocks": "0", "process_kernel_time": 0.319665, "process_mem_max_rss": "130105344", "process_out_blocks": "0", "process_user_time": 1.195786}
[0m18:10:56.118740 [debug] [MainThread]: Command `dbt init` succeeded at 18:10:56.118575 after 99.14 seconds
[0m18:10:56.119245 [debug] [MainThread]: Sending event: {'category': 'dbt', 'action': 'invocation', 'label': 'end', 'context': [<snowplow_tracker.self_describing_json.SelfDescribingJson object at 0x109cee780>, <snowplow_tracker.self_describing_json.SelfDescribingJson object at 0x109e31010>, <snowplow_tracker.self_describing_json.SelfDescribingJson object at 0x109d6b680>]}
[0m18:10:56.119724 [debug] [MainThread]: Flushing usage events
[0m18:10:57.237244 [debug] [MainThread]: An error was encountered while trying to flush usage events
